This is pdfTeX, Version 3.141592653-2.6-1.40.26 (TeX Live 2024/nixos.org) (preloaded format=pdflatex 1980.1.1)  6 DEC 2024 14:36
entering extended mode
 restricted \write18 enabled.
 file:line:error style messages enabled.
 %&-line parsing enabled.
**/home/maskrpone/Documents/rapport-posturographie/main.tex
(/home/maskrpone/Documents/rapport-posturographie/main.tex
LaTeX2e <2024-06-01> patch level 2
L3 programming layer <2024-10-09>
(/nix/store/zxdi2d15ryfvilggk6jdzc0ya12s2h6q-texlive-2024-env-texmfdist/tex/latex/base/article.cls
Document Class: article 2024/02/08 v1.4n Standard LaTeX document class
(/nix/store/zxdi2d15ryfvilggk6jdzc0ya12s2h6q-texlive-2024-env-texmfdist/tex/latex/base/size10.clo
File: size10.clo 2024/02/08 v1.4n Standard LaTeX file (size option)
)
\c@part=\count194
\c@section=\count195
\c@subsection=\count196
\c@subsubsection=\count197
\c@paragraph=\count198
\c@subparagraph=\count199
\c@figure=\count266
\c@table=\count267
\abovecaptionskip=\skip49
\belowcaptionskip=\skip50
\bibindent=\dimen141
) (/nix/store/zxdi2d15ryfvilggk6jdzc0ya12s2h6q-texlive-2024-env-texmfdist/tex/latex/base/inputenc.sty
Package: inputenc 2024/02/08 v1.3d Input encoding file
\inpenc@prehook=\toks17
\inpenc@posthook=\toks18
) (/nix/store/zxdi2d15ryfvilggk6jdzc0ya12s2h6q-texlive-2024-env-texmfdist/tex/latex/graphics/graphicx.sty
Package: graphicx 2021/09/16 v1.2d Enhanced LaTeX Graphics (DPC,SPQR)
 (/nix/store/zxdi2d15ryfvilggk6jdzc0ya12s2h6q-texlive-2024-env-texmfdist/tex/latex/graphics/keyval.sty
Package: keyval 2022/05/29 v1.15 key=value parser (DPC)
\KV@toks@=\toks19
) (/nix/store/zxdi2d15ryfvilggk6jdzc0ya12s2h6q-texlive-2024-env-texmfdist/tex/latex/graphics/graphics.sty
Package: graphics 2024/05/23 v1.4g Standard LaTeX Graphics (DPC,SPQR)
 (/nix/store/zxdi2d15ryfvilggk6jdzc0ya12s2h6q-texlive-2024-env-texmfdist/tex/latex/graphics/trig.sty
Package: trig 2023/12/02 v1.11 sin cos tan (DPC)
) (/nix/store/zxdi2d15ryfvilggk6jdzc0ya12s2h6q-texlive-2024-env-texmfdist/tex/latex/graphics-cfg/graphics.cfg
File: graphics.cfg 2016/06/04 v1.11 sample graphics configuration
)
Package graphics Info: Driver file: pdftex.def on input line 106.
 (/nix/store/zxdi2d15ryfvilggk6jdzc0ya12s2h6q-texlive-2024-env-texmfdist/tex/latex/graphics-def/pdftex.def
File: pdftex.def 2024/04/13 v1.2c Graphics/color driver for pdftex
))
\Gin@req@height=\dimen142
\Gin@req@width=\dimen143
) (/nix/store/zxdi2d15ryfvilggk6jdzc0ya12s2h6q-texlive-2024-env-texmfdist/tex/latex/caption/subcaption.sty
Package: subcaption 2023/07/28 v1.6b Sub-captions (AR)
 (/nix/store/zxdi2d15ryfvilggk6jdzc0ya12s2h6q-texlive-2024-env-texmfdist/tex/latex/caption/caption.sty
Package: caption 2023/08/05 v3.6o Customizing captions (AR)
 (/nix/store/zxdi2d15ryfvilggk6jdzc0ya12s2h6q-texlive-2024-env-texmfdist/tex/latex/caption/caption3.sty
Package: caption3 2023/07/31 v2.4d caption3 kernel (AR)
\caption@tempdima=\dimen144
\captionmargin=\dimen145
\caption@leftmargin=\dimen146
\caption@rightmargin=\dimen147
\caption@width=\dimen148
\caption@indent=\dimen149
\caption@parindent=\dimen150
\caption@hangindent=\dimen151
Package caption Info: Standard document class detected.
)
\c@caption@flags=\count268
\c@continuedfloat=\count269
)
Package caption Info: New subtype `subfigure' on input line 238.
\c@subfigure=\count270
Package caption Info: New subtype `subtable' on input line 238.
\c@subtable=\count271
) (/nix/store/zxdi2d15ryfvilggk6jdzc0ya12s2h6q-texlive-2024-env-texmfdist/tex/latex/float/float.sty
Package: float 2001/11/08 v1.3d Float enhancements (AL)
\c@float@type=\count272
\float@exts=\toks20
\float@box=\box52
\@float@everytoks=\toks21
\@floatcapt=\box53
) (/nix/store/zxdi2d15ryfvilggk6jdzc0ya12s2h6q-texlive-2024-env-texmfdist/tex/latex/geometry/geometry.sty
Package: geometry 2020/01/02 v5.9 Page Geometry
 (/nix/store/zxdi2d15ryfvilggk6jdzc0ya12s2h6q-texlive-2024-env-texmfdist/tex/generic/iftex/ifvtex.sty
Package: ifvtex 2019/10/25 v1.7 ifvtex legacy package. Use iftex instead.
 (/nix/store/zxdi2d15ryfvilggk6jdzc0ya12s2h6q-texlive-2024-env-texmfdist/tex/generic/iftex/iftex.sty
Package: iftex 2022/02/03 v1.0f TeX engine tests
))
\Gm@cnth=\count273
\Gm@cntv=\count274
\c@Gm@tempcnt=\count275
\Gm@bindingoffset=\dimen152
\Gm@wd@mp=\dimen153
\Gm@odd@mp=\dimen154
\Gm@even@mp=\dimen155
\Gm@layoutwidth=\dimen156
\Gm@layoutheight=\dimen157
\Gm@layouthoffset=\dimen158
\Gm@layoutvoffset=\dimen159
\Gm@dimlist=\toks22
) (/nix/store/zxdi2d15ryfvilggk6jdzc0ya12s2h6q-texlive-2024-env-texmfdist/tex/latex/hyperref/hyperref.sty
Package: hyperref 2024-07-10 v7.01j Hypertext links for LaTeX
 (/nix/store/zxdi2d15ryfvilggk6jdzc0ya12s2h6q-texlive-2024-env-texmfdist/tex/latex/kvsetkeys/kvsetkeys.sty
Package: kvsetkeys 2022-10-05 v1.19 Key value parser (HO)
) (/nix/store/zxdi2d15ryfvilggk6jdzc0ya12s2h6q-texlive-2024-env-texmfdist/tex/generic/kvdefinekeys/kvdefinekeys.sty
Package: kvdefinekeys 2019-12-19 v1.6 Define keys (HO)
) (/nix/store/zxdi2d15ryfvilggk6jdzc0ya12s2h6q-texlive-2024-env-texmfdist/tex/generic/pdfescape/pdfescape.sty
Package: pdfescape 2019/12/09 v1.15 Implements pdfTeX's escape features (HO)
 (/nix/store/zxdi2d15ryfvilggk6jdzc0ya12s2h6q-texlive-2024-env-texmfdist/tex/generic/ltxcmds/ltxcmds.sty
Package: ltxcmds 2023-12-04 v1.26 LaTeX kernel commands for general use (HO)
) (/nix/store/zxdi2d15ryfvilggk6jdzc0ya12s2h6q-texlive-2024-env-texmfdist/tex/generic/pdftexcmds/pdftexcmds.sty
Package: pdftexcmds 2020-06-27 v0.33 Utility functions of pdfTeX for LuaTeX (HO)
 (/nix/store/zxdi2d15ryfvilggk6jdzc0ya12s2h6q-texlive-2024-env-texmfdist/tex/generic/infwarerr/infwarerr.sty
Package: infwarerr 2019/12/03 v1.5 Providing info/warning/error messages (HO)
)
Package pdftexcmds Info: \pdf@primitive is available.
Package pdftexcmds Info: \pdf@ifprimitive is available.
Package pdftexcmds Info: \pdfdraftmode found.
)) (/nix/store/zxdi2d15ryfvilggk6jdzc0ya12s2h6q-texlive-2024-env-texmfdist/tex/latex/hycolor/hycolor.sty
Package: hycolor 2020-01-27 v1.10 Color options for hyperref/bookmark (HO)
) (/nix/store/zxdi2d15ryfvilggk6jdzc0ya12s2h6q-texlive-2024-env-texmfdist/tex/latex/hyperref/nameref.sty
Package: nameref 2023-11-26 v2.56 Cross-referencing by name of section
 (/nix/store/zxdi2d15ryfvilggk6jdzc0ya12s2h6q-texlive-2024-env-texmfdist/tex/latex/refcount/refcount.sty
Package: refcount 2019/12/15 v3.6 Data extraction from label references (HO)
) (/nix/store/zxdi2d15ryfvilggk6jdzc0ya12s2h6q-texlive-2024-env-texmfdist/tex/generic/gettitlestring/gettitlestring.sty
Package: gettitlestring 2019/12/15 v1.6 Cleanup title references (HO)
 (/nix/store/zxdi2d15ryfvilggk6jdzc0ya12s2h6q-texlive-2024-env-texmfdist/tex/latex/kvoptions/kvoptions.sty
Package: kvoptions 2022-06-15 v3.15 Key value format for package options (HO)
))
\c@section@level=\count276
) (/nix/store/zxdi2d15ryfvilggk6jdzc0ya12s2h6q-texlive-2024-env-texmfdist/tex/latex/etoolbox/etoolbox.sty
Package: etoolbox 2020/10/05 v2.5k e-TeX tools for LaTeX (JAW)
\etb@tempcnta=\count277
) (/nix/store/zxdi2d15ryfvilggk6jdzc0ya12s2h6q-texlive-2024-env-texmfdist/tex/generic/stringenc/stringenc.sty
Package: stringenc 2019/11/29 v1.12 Convert strings between diff. encodings (HO)
)
\@linkdim=\dimen160
\Hy@linkcounter=\count278
\Hy@pagecounter=\count279
 (/nix/store/zxdi2d15ryfvilggk6jdzc0ya12s2h6q-texlive-2024-env-texmfdist/tex/latex/hyperref/pd1enc.def
File: pd1enc.def 2024-07-10 v7.01j Hyperref: PDFDocEncoding definition (HO)
Now handling font encoding PD1 ...
... no UTF-8 mapping file for font encoding PD1
) (/nix/store/zxdi2d15ryfvilggk6jdzc0ya12s2h6q-texlive-2024-env-texmfdist/tex/generic/intcalc/intcalc.sty
Package: intcalc 2019/12/15 v1.3 Expandable calculations with integers (HO)
)
\Hy@SavedSpaceFactor=\count280
 (/nix/store/zxdi2d15ryfvilggk6jdzc0ya12s2h6q-texlive-2024-env-texmfdist/tex/latex/hyperref/puenc.def
File: puenc.def 2024-07-10 v7.01j Hyperref: PDF Unicode definition (HO)
Now handling font encoding PU ...
... no UTF-8 mapping file for font encoding PU
)
Package hyperref Info: Hyper figures OFF on input line 4157.
Package hyperref Info: Link nesting OFF on input line 4162.
Package hyperref Info: Hyper index ON on input line 4165.
Package hyperref Info: Plain pages OFF on input line 4172.
Package hyperref Info: Backreferencing OFF on input line 4177.
Package hyperref Info: Implicit mode ON; LaTeX internals redefined.
Package hyperref Info: Bookmarks ON on input line 4424.
\c@Hy@tempcnt=\count281
 (/nix/store/zxdi2d15ryfvilggk6jdzc0ya12s2h6q-texlive-2024-env-texmfdist/tex/latex/url/url.sty
\Urlmuskip=\muskip17
Package: url 2013/09/16  ver 3.4  Verb mode for urls, etc.
)
LaTeX Info: Redefining \url on input line 4763.
\XeTeXLinkMargin=\dimen161
 (/nix/store/zxdi2d15ryfvilggk6jdzc0ya12s2h6q-texlive-2024-env-texmfdist/tex/generic/bitset/bitset.sty
Package: bitset 2019/12/09 v1.3 Handle bit-vector datatype (HO)
 (/nix/store/zxdi2d15ryfvilggk6jdzc0ya12s2h6q-texlive-2024-env-texmfdist/tex/generic/bigintcalc/bigintcalc.sty
Package: bigintcalc 2019/12/15 v1.5 Expandable calculations on big integers (HO)
))
\Fld@menulength=\count282
\Field@Width=\dimen162
\Fld@charsize=\dimen163
Package hyperref Info: Hyper figures OFF on input line 6042.
Package hyperref Info: Link nesting OFF on input line 6047.
Package hyperref Info: Hyper index ON on input line 6050.
Package hyperref Info: backreferencing OFF on input line 6057.
Package hyperref Info: Link coloring OFF on input line 6062.
Package hyperref Info: Link coloring with OCG OFF on input line 6067.
Package hyperref Info: PDF/A mode OFF on input line 6072.
 (/nix/store/zxdi2d15ryfvilggk6jdzc0ya12s2h6q-texlive-2024-env-texmfdist/tex/latex/base/atbegshi-ltx.sty
Package: atbegshi-ltx 2021/01/10 v1.0c Emulation of the original atbegshi
package with kernel methods
)
\Hy@abspage=\count283
\c@Item=\count284
\c@Hfootnote=\count285
)
Package hyperref Info: Driver (autodetected): hpdftex.
 (/nix/store/zxdi2d15ryfvilggk6jdzc0ya12s2h6q-texlive-2024-env-texmfdist/tex/latex/hyperref/hpdftex.def
File: hpdftex.def 2024-07-10 v7.01j Hyperref driver for pdfTeX
 (/nix/store/zxdi2d15ryfvilggk6jdzc0ya12s2h6q-texlive-2024-env-texmfdist/tex/latex/base/atveryend-ltx.sty
Package: atveryend-ltx 2020/08/19 v1.0a Emulation of the original atveryend package
with kernel methods
)
\Fld@listcount=\count286
\c@bookmark@seq@number=\count287
 (/nix/store/zxdi2d15ryfvilggk6jdzc0ya12s2h6q-texlive-2024-env-texmfdist/tex/latex/rerunfilecheck/rerunfilecheck.sty
Package: rerunfilecheck 2022-07-10 v1.10 Rerun checks for auxiliary files (HO)
 (/nix/store/zxdi2d15ryfvilggk6jdzc0ya12s2h6q-texlive-2024-env-texmfdist/tex/generic/uniquecounter/uniquecounter.sty
Package: uniquecounter 2019/12/15 v1.4 Provide unlimited unique counter (HO)
)
Package uniquecounter Info: New unique counter `rerunfilecheck' on input line 285.
)
\Hy@SectionHShift=\skip51
) (/nix/store/zxdi2d15ryfvilggk6jdzc0ya12s2h6q-texlive-2024-env-texmfdist/tex/latex/l3backend/l3backend-pdftex.def
File: l3backend-pdftex.def 2024-05-08 L3 backend support: PDF output (pdfTeX)
\l__color_backend_stack_int=\count288
\l__pdf_internal_box=\box54
) (./main.aux (./chapters/introduction.aux) (./chapters/pression_plantaire.aux) (./chapters/analyse-marche.aux

LaTeX Warning: Label `fig:winposture' multiply defined.


LaTeX Warning: Label `sub@fig:winposture' multiply defined.

))
\openout1 = `main.aux'.

LaTeX Font Info:    Checking defaults for OML/cmm/m/it on input line 19.
LaTeX Font Info:    ... okay on input line 19.
LaTeX Font Info:    Checking defaults for OMS/cmsy/m/n on input line 19.
LaTeX Font Info:    ... okay on input line 19.
LaTeX Font Info:    Checking defaults for OT1/cmr/m/n on input line 19.
LaTeX Font Info:    ... okay on input line 19.
LaTeX Font Info:    Checking defaults for T1/cmr/m/n on input line 19.
LaTeX Font Info:    ... okay on input line 19.
LaTeX Font Info:    Checking defaults for TS1/cmr/m/n on input line 19.
LaTeX Font Info:    ... okay on input line 19.
LaTeX Font Info:    Checking defaults for OMX/cmex/m/n on input line 19.
LaTeX Font Info:    ... okay on input line 19.
LaTeX Font Info:    Checking defaults for U/cmr/m/n on input line 19.
LaTeX Font Info:    ... okay on input line 19.
LaTeX Font Info:    Checking defaults for PD1/pdf/m/n on input line 19.
LaTeX Font Info:    ... okay on input line 19.
LaTeX Font Info:    Checking defaults for PU/pdf/m/n on input line 19.
LaTeX Font Info:    ... okay on input line 19.
 (/nix/store/zxdi2d15ryfvilggk6jdzc0ya12s2h6q-texlive-2024-env-texmfdist/tex/context/base/mkii/supp-pdf.mkii
[Loading MPS to PDF converter (version 2006.09.02).]
\scratchcounter=\count289
\scratchdimen=\dimen164
\scratchbox=\box55
\nofMPsegments=\count290
\nofMParguments=\count291
\everyMPshowfont=\toks23
\MPscratchCnt=\count292
\MPscratchDim=\dimen165
\MPnumerator=\count293
\makeMPintoPDFobject=\count294
\everyMPtoPDFconversion=\toks24
) (/nix/store/zxdi2d15ryfvilggk6jdzc0ya12s2h6q-texlive-2024-env-texmfdist/tex/latex/epstopdf-pkg/epstopdf-base.sty
Package: epstopdf-base 2020-01-24 v2.11 Base part for package epstopdf
Package epstopdf-base Info: Redefining graphics rule for `.eps' on input line 485.
 (/nix/store/zxdi2d15ryfvilggk6jdzc0ya12s2h6q-texlive-2024-env-texmfdist/tex/latex/latexconfig/epstopdf-sys.cfg
File: epstopdf-sys.cfg 2010/07/13 v1.3 Configuration of (r)epstopdf for TeX Live
))
Package caption Info: Begin \AtBeginDocument code.
Package caption Info: float package is loaded.
Package caption Info: hyperref package is loaded.
Package caption Info: End \AtBeginDocument code.

*geometry* driver: auto-detecting
*geometry* detected driver: pdftex
*geometry* verbose mode - [ preamble ] result:
* driver: pdftex
* paper: a4paper
* layout: <same size as paper>
* layoutoffset:(h,v)=(0.0pt,0.0pt)
* modes: 
* h-part:(L,W,R)=(72.26999pt, 452.9679pt, 72.26999pt)
* v-part:(T,H,B)=(72.26999pt, 700.50687pt, 72.26999pt)
* \paperwidth=597.50787pt
* \paperheight=845.04684pt
* \textwidth=452.9679pt
* \textheight=700.50687pt
* \oddsidemargin=0.0pt
* \evensidemargin=0.0pt
* \topmargin=-37.0pt
* \headheight=12.0pt
* \headsep=25.0pt
* \topskip=10.0pt
* \footskip=30.0pt
* \marginparwidth=65.0pt
* \marginparsep=11.0pt
* \columnsep=10.0pt
* \skip\footins=9.0pt plus 4.0pt minus 2.0pt
* \hoffset=0.0pt
* \voffset=0.0pt
* \mag=1000
* \@twocolumnfalse
* \@twosidefalse
* \@mparswitchfalse
* \@reversemarginfalse
* (1in=72.27pt=25.4mm, 1cm=28.453pt)

Package hyperref Info: Link coloring OFF on input line 19.
(./main.out) (./main.out)
\@outlinefile=\write3
\openout3 = `main.out'.

LaTeX Font Info:    External font `cmex10' loaded for size
(Font)              <12> on input line 21.
LaTeX Font Info:    External font `cmex10' loaded for size
(Font)              <8> on input line 21.
LaTeX Font Info:    External font `cmex10' loaded for size
(Font)              <6> on input line 21.


[1

{/nix/store/ndzl7br6nmxzlj5xzabyim79alf1i823-texlive-2024-env/share/texmf-var/fonts/map/pdftex/updmap/pdftex.map}] (./main.toc
LaTeX Font Info:    External font `cmex10' loaded for size
(Font)              <7> on input line 2.
LaTeX Font Info:    External font `cmex10' loaded for size
(Font)              <5> on input line 2.
)
\tf@toc=\write4
\openout4 = `main.toc'.



[2]
\openout2 = `chapters/introduction.aux'.

 (./chapters/introduction.tex
<images/introduction/dynamique.png, id=64, 561.09625pt x 369.38pt>
File: images/introduction/dynamique.png Graphic file (type png)
<use images/introduction/dynamique.png>
Package pdftex.def Info: images/introduction/dynamique.png  used on input line 39.
(pdftex.def)             Requested size: 226.48395pt x 149.09645pt.
<images/introduction/statique.png, id=65, 513.92pt x 271.0125pt>
File: images/introduction/statique.png Graphic file (type png)
<use images/introduction/statique.png>
Package pdftex.def Info: images/introduction/statique.png  used on input line 55.
(pdftex.def)             Requested size: 226.48395pt x 119.43608pt.
)

[3

 <./images/introduction/dynamique.png>]

[4 <./images/introduction/statique.png>]
\openout2 = `chapters/pression_plantaire.aux'.

 (./chapters/pression_plantaire.tex
<images/pression_plantaire/plateforme-stabilometrique.png, id=77, 916.42375pt x 651.43375pt>
File: images/pression_plantaire/plateforme-stabilometrique.png Graphic file (type png)
<use images/pression_plantaire/plateforme-stabilometrique.png>
Package pdftex.def Info: images/pression_plantaire/plateforme-stabilometrique.png  used on input line 35.
(pdftex.def)             Requested size: 200.13159pt x 142.26378pt.
<images/pression_plantaire/winposture.png, id=78, 964.60374pt x 739.76375pt>
File: images/pression_plantaire/winposture.png Graphic file (type png)
<use images/pression_plantaire/winposture.png>
Package pdftex.def Info: images/pression_plantaire/winposture.png  used on input line 40.
(pdftex.def)             Requested size: 185.49913pt x 142.26378pt.
<images/pression_plantaire/satel.png, id=79, 453.695pt x 219.82124pt>
File: images/pression_plantaire/satel.png Graphic file (type png)
<use images/pression_plantaire/satel.png>
Package pdftex.def Info: images/pression_plantaire/satel.png  used on input line 45.
(pdftex.def)             Requested size: 293.63138pt x 142.26378pt.

Overfull \hbox (89.79721pt too wide) in paragraph at lines 45--46
 [][] 
 []

<images/pression_plantaire/winposture2.png, id=80, 1009.7725pt x 727.71875pt>
File: images/pression_plantaire/winposture2.png Graphic file (type png)
<use images/pression_plantaire/winposture2.png>
Package pdftex.def Info: images/pression_plantaire/winposture2.png  used on input line 53.
(pdftex.def)             Requested size: 394.8112pt x 284.52756pt.
)

[5



{/nix/store/zxdi2d15ryfvilggk6jdzc0ya12s2h6q-texlive-2024-env-texmfdist/fonts/enc/dvips/cm-super/cm-super-ts1.enc}]

[6 <./images/pression_plantaire/plateforme-stabilometrique.png (PNG copy)> <./images/pression_plantaire/winposture.png (PNG copy)> <./images/pression_plantaire/satel.png> <./images/pression_plantaire/winposture2.png (PNG copy)>]
\openout2 = `chapters/analyse-marche.aux'.

 (./chapters/analyse-marche.tex
File: images/pression_plantaire/winposture.png Graphic file (type png)
<use images/pression_plantaire/winposture.png>
Package pdftex.def Info: images/pression_plantaire/winposture.png  used on input line 16.
(pdftex.def)             Requested size: 185.49913pt x 142.26378pt.
<images/analyse_marche/winposture_ellipse.png, id=93, 411.5375pt x 293.095pt>
File: images/analyse_marche/winposture_ellipse.png Graphic file (type png)
<use images/analyse_marche/winposture_ellipse.png>
Package pdftex.def Info: images/analyse_marche/winposture_ellipse.png  used on input line 21.
(pdftex.def)             Requested size: 199.75244pt x 142.26378pt.
<images/analyse_marche/winposture_rapport.png, id=94, 410.53375pt x 241.90375pt>
File: images/analyse_marche/winposture_rapport.png Graphic file (type png)
<use images/analyse_marche/winposture_rapport.png>
Package pdftex.def Info: images/analyse_marche/winposture_rapport.png  used on input line 26.
(pdftex.def)             Requested size: 241.4423pt x 142.26378pt.

Overfull \hbox (14.95836pt too wide) in paragraph at lines 26--27
 [][] 
 []

<images/analyse_marche/comparaison_yo_yf.png, id=95, 808.01875pt x 580.1675pt>
File: images/analyse_marche/comparaison_yo_yf.png Graphic file (type png)
<use images/analyse_marche/comparaison_yo_yf.png>
Package pdftex.def Info: images/analyse_marche/comparaison_yo_yf.png  used on input line 31.
(pdftex.def)             Requested size: 198.13277pt x 142.26378pt.


[7



 <./images/analyse_marche/winposture_ellipse.png> <./images/analyse_marche/winposture_rapport.png> <./images/analyse_marche/comparaison_yo_yf.png (PNG copy)>])

[8] (./main.aux (./chapters/introduction.aux) (./chapters/pression_plantaire.aux) (./chapters/analyse-marche.aux))
 ***********
LaTeX2e <2024-06-01> patch level 2
L3 programming layer <2024-10-09>
 ***********


LaTeX Warning: There were multiply-defined labels.

Package rerunfilecheck Info: File `main.out' has not changed.
(rerunfilecheck)             Checksum: 45E18D3D53433D3CCCD5DD550481C440;1385.
 ) 
Here is how much of TeX's memory you used:
 10654 strings out of 473579
 179665 string characters out of 5705100
 571507 words of memory out of 5000000
 33408 multiletter control sequences out of 15000+600000
 563611 words of font info for 54 fonts, out of 8000000 for 9000
 1141 hyphenation exceptions out of 8191
 75i,8n,79p,386b,531s stack positions out of 10000i,1000n,20000p,200000b,200000s
</nix/store/zxdi2d15ryfvilggk6jdzc0ya12s2h6q-texlive-2024-env-texmfdist/fonts/type1/public/amsfonts/cm/cmbx10.pfb></nix/store/zxdi2d15ryfvilggk6jdzc0ya12s2h6q-texlive-2024-env-texmfdist/fonts/type1/public/amsfonts/cm/cmbx12.pfb></nix/store/zxdi2d15ryfvilggk6jdzc0ya12s2h6q-texlive-2024-env-texmfdist/fonts/type1/public/amsfonts/cm/cmr10.pfb></nix/store/zxdi2d15ryfvilggk6jdzc0ya12s2h6q-texlive-2024-env-texmfdist/fonts/type1/public/amsfonts/cm/cmr12.pfb></nix/store/zxdi2d15ryfvilggk6jdzc0ya12s2h6q-texlive-2024-env-texmfdist/fonts/type1/public/amsfonts/cm/cmr17.pfb></nix/store/zxdi2d15ryfvilggk6jdzc0ya12s2h6q-texlive-2024-env-texmfdist/fonts/type1/public/amsfonts/cm/cmr9.pfb></nix/store/zxdi2d15ryfvilggk6jdzc0ya12s2h6q-texlive-2024-env-texmfdist/fonts/type1/public/amsfonts/cm/cmti10.pfb></nix/store/zxdi2d15ryfvilggk6jdzc0ya12s2h6q-texlive-2024-env-texmfdist/fonts/type1/public/cm-super/sfrm1000.pfb>
Output written on main.pdf (8 pages, 3431910 bytes).
PDF statistics:
 150 PDF objects out of 1000 (max. 8388607)
 113 compressed objects within 2 object streams
 24 named destinations out of 1000 (max. 500000)
 118 words of extra memory for PDF output out of 10000 (max. 10000000)

